mode: atomic
github.com/apache/shardingsphere-on-cloud/shardingsphere-operator/pkg/reconcile/computenode/configmap.go:39.59,46.22 5 0
github.com/apache/shardingsphere-on-cloud/shardingsphere-operator/pkg/reconcile/computenode/configmap.go:53.2,53.81 1 0
github.com/apache/shardingsphere-on-cloud/shardingsphere-operator/pkg/reconcile/computenode/configmap.go:67.2,67.24 1 0
github.com/apache/shardingsphere-on-cloud/shardingsphere-operator/pkg/reconcile/computenode/configmap.go:46.22,48.3 1 0
github.com/apache/shardingsphere-on-cloud/shardingsphere-operator/pkg/reconcile/computenode/configmap.go:48.8,50.3 1 0
github.com/apache/shardingsphere-on-cloud/shardingsphere-operator/pkg/reconcile/computenode/configmap.go:53.81,55.75 2 0
github.com/apache/shardingsphere-on-cloud/shardingsphere-operator/pkg/reconcile/computenode/configmap.go:60.3,60.51 1 0
github.com/apache/shardingsphere-on-cloud/shardingsphere-operator/pkg/reconcile/computenode/configmap.go:55.75,56.24 1 0
github.com/apache/shardingsphere-on-cloud/shardingsphere-operator/pkg/reconcile/computenode/configmap.go:56.24,58.5 1 0
github.com/apache/shardingsphere-on-cloud/shardingsphere-operator/pkg/reconcile/computenode/configmap.go:60.51,62.4 1 0
github.com/apache/shardingsphere-on-cloud/shardingsphere-operator/pkg/reconcile/computenode/configmap.go:63.8,65.3 1 0
github.com/apache/shardingsphere-on-cloud/shardingsphere-operator/pkg/reconcile/computenode/configmap.go:84.92,88.2 1 0
github.com/apache/shardingsphere-on-cloud/shardingsphere-operator/pkg/reconcile/computenode/configmap.go:90.66,93.2 2 0
github.com/apache/shardingsphere-on-cloud/shardingsphere-operator/pkg/reconcile/computenode/configmap.go:95.76,98.2 2 0
github.com/apache/shardingsphere-on-cloud/shardingsphere-operator/pkg/reconcile/computenode/configmap.go:100.81,103.2 2 0
github.com/apache/shardingsphere-on-cloud/shardingsphere-operator/pkg/reconcile/computenode/configmap.go:105.85,108.2 2 0
github.com/apache/shardingsphere-on-cloud/shardingsphere-operator/pkg/reconcile/computenode/configmap.go:109.72,112.2 2 0
github.com/apache/shardingsphere-on-cloud/shardingsphere-operator/pkg/reconcile/computenode/configmap.go:114.83,117.2 2 0
github.com/apache/shardingsphere-on-cloud/shardingsphere-operator/pkg/reconcile/computenode/configmap.go:119.50,121.2 1 0
github.com/apache/shardingsphere-on-cloud/shardingsphere-operator/pkg/reconcile/computenode/configmap.go:123.86,135.2 1 0
github.com/apache/shardingsphere-on-cloud/shardingsphere-operator/pkg/reconcile/computenode/configmap.go:138.81,146.2 7 0
github.com/apache/shardingsphere-on-cloud/shardingsphere-operator/pkg/reconcile/computenode/deployment.go:49.52,51.2 1 4
github.com/apache/shardingsphere-on-cloud/shardingsphere-operator/pkg/reconcile/computenode/deployment.go:53.55,55.2 1 2
github.com/apache/shardingsphere-on-cloud/shardingsphere-operator/pkg/reconcile/computenode/deployment.go:66.110,69.2 2 1
github.com/apache/shardingsphere-on-cloud/shardingsphere-operator/pkg/reconcile/computenode/deployment.go:71.83,76.2 1 1
github.com/apache/shardingsphere-on-cloud/shardingsphere-operator/pkg/reconcile/computenode/deployment.go:78.73,80.2 1 0
github.com/apache/shardingsphere-on-cloud/shardingsphere-operator/pkg/reconcile/computenode/deployment.go:90.63,97.2 1 1
github.com/apache/shardingsphere-on-cloud/shardingsphere-operator/pkg/reconcile/computenode/deployment.go:99.63,101.2 1 0
github.com/apache/shardingsphere-on-cloud/shardingsphere-operator/pkg/reconcile/computenode/deployment.go:117.45,121.2 1 2
github.com/apache/shardingsphere-on-cloud/shardingsphere-operator/pkg/reconcile/computenode/deployment.go:127.66,130.2 2 2
github.com/apache/shardingsphere-on-cloud/shardingsphere-operator/pkg/reconcile/computenode/deployment.go:132.68,135.2 2 2
github.com/apache/shardingsphere-on-cloud/shardingsphere-operator/pkg/reconcile/computenode/deployment.go:137.84,138.18 1 1
github.com/apache/shardingsphere-on-cloud/shardingsphere-operator/pkg/reconcile/computenode/deployment.go:141.2,141.18 1 1
github.com/apache/shardingsphere-on-cloud/shardingsphere-operator/pkg/reconcile/computenode/deployment.go:144.2,144.10 1 1
github.com/apache/shardingsphere-on-cloud/shardingsphere-operator/pkg/reconcile/computenode/deployment.go:138.18,140.3 1 0
github.com/apache/shardingsphere-on-cloud/shardingsphere-operator/pkg/reconcile/computenode/deployment.go:141.18,143.3 1 1
github.com/apache/shardingsphere-on-cloud/shardingsphere-operator/pkg/reconcile/computenode/deployment.go:147.91,150.2 2 1
github.com/apache/shardingsphere-on-cloud/shardingsphere-operator/pkg/reconcile/computenode/deployment.go:152.83,153.18 1 0
github.com/apache/shardingsphere-on-cloud/shardingsphere-operator/pkg/reconcile/computenode/deployment.go:159.2,159.10 1 0
github.com/apache/shardingsphere-on-cloud/shardingsphere-operator/pkg/reconcile/computenode/deployment.go:153.18,154.39 1 0
github.com/apache/shardingsphere-on-cloud/shardingsphere-operator/pkg/reconcile/computenode/deployment.go:157.3,157.36 1 0
github.com/apache/shardingsphere-on-cloud/shardingsphere-operator/pkg/reconcile/computenode/deployment.go:154.39,156.4 1 0
github.com/apache/shardingsphere-on-cloud/shardingsphere-operator/pkg/reconcile/computenode/deployment.go:162.84,163.18 1 0
github.com/apache/shardingsphere-on-cloud/shardingsphere-operator/pkg/reconcile/computenode/deployment.go:169.2,169.10 1 0
github.com/apache/shardingsphere-on-cloud/shardingsphere-operator/pkg/reconcile/computenode/deployment.go:163.18,164.40 1 0
github.com/apache/shardingsphere-on-cloud/shardingsphere-operator/pkg/reconcile/computenode/deployment.go:167.3,167.37 1 0
github.com/apache/shardingsphere-on-cloud/shardingsphere-operator/pkg/reconcile/computenode/deployment.go:164.40,166.4 1 0
github.com/apache/shardingsphere-on-cloud/shardingsphere-operator/pkg/reconcile/computenode/deployment.go:172.82,173.18 1 0
github.com/apache/shardingsphere-on-cloud/shardingsphere-operator/pkg/reconcile/computenode/deployment.go:179.2,179.10 1 0
github.com/apache/shardingsphere-on-cloud/shardingsphere-operator/pkg/reconcile/computenode/deployment.go:173.18,174.38 1 0
github.com/apache/shardingsphere-on-cloud/shardingsphere-operator/pkg/reconcile/computenode/deployment.go:177.3,177.35 1 0
github.com/apache/shardingsphere-on-cloud/shardingsphere-operator/pkg/reconcile/computenode/deployment.go:174.38,176.4 1 0
github.com/apache/shardingsphere-on-cloud/shardingsphere-operator/pkg/reconcile/computenode/deployment.go:182.74,183.17 1 2
github.com/apache/shardingsphere-on-cloud/shardingsphere-operator/pkg/reconcile/computenode/deployment.go:186.2,186.17 1 2
github.com/apache/shardingsphere-on-cloud/shardingsphere-operator/pkg/reconcile/computenode/deployment.go:189.2,189.10 1 2
github.com/apache/shardingsphere-on-cloud/shardingsphere-operator/pkg/reconcile/computenode/deployment.go:183.17,185.3 1 0
github.com/apache/shardingsphere-on-cloud/shardingsphere-operator/pkg/reconcile/computenode/deployment.go:186.17,188.3 1 2
github.com/apache/shardingsphere-on-cloud/shardingsphere-operator/pkg/reconcile/computenode/deployment.go:192.71,193.17 1 1
github.com/apache/shardingsphere-on-cloud/shardingsphere-operator/pkg/reconcile/computenode/deployment.go:196.2,196.10 1 1
github.com/apache/shardingsphere-on-cloud/shardingsphere-operator/pkg/reconcile/computenode/deployment.go:193.17,195.3 1 1
github.com/apache/shardingsphere-on-cloud/shardingsphere-operator/pkg/reconcile/computenode/deployment.go:199.87,201.37 2 3
github.com/apache/shardingsphere-on-cloud/shardingsphere-operator/pkg/reconcile/computenode/deployment.go:204.2,204.37 1 3
github.com/apache/shardingsphere-on-cloud/shardingsphere-operator/pkg/reconcile/computenode/deployment.go:217.2,217.10 1 3
github.com/apache/shardingsphere-on-cloud/shardingsphere-operator/pkg/reconcile/computenode/deployment.go:201.37,203.3 1 2
github.com/apache/shardingsphere-on-cloud/shardingsphere-operator/pkg/reconcile/computenode/deployment.go:204.37,205.48 1 3
github.com/apache/shardingsphere-on-cloud/shardingsphere-operator/pkg/reconcile/computenode/deployment.go:212.3,212.13 1 3
github.com/apache/shardingsphere-on-cloud/shardingsphere-operator/pkg/reconcile/computenode/deployment.go:205.48,206.28 1 1
github.com/apache/shardingsphere-on-cloud/shardingsphere-operator/pkg/reconcile/computenode/deployment.go:206.28,209.10 3 0
github.com/apache/shardingsphere-on-cloud/shardingsphere-operator/pkg/reconcile/computenode/deployment.go:212.13,214.4 1 3
github.com/apache/shardingsphere-on-cloud/shardingsphere-operator/pkg/reconcile/computenode/deployment.go:220.54,222.2 1 2
github.com/apache/shardingsphere-on-cloud/shardingsphere-operator/pkg/reconcile/computenode/deployment.go:224.43,230.2 2 2
github.com/apache/shardingsphere-on-cloud/shardingsphere-operator/pkg/reconcile/computenode/deployment.go:244.94,248.2 1 1
github.com/apache/shardingsphere-on-cloud/shardingsphere-operator/pkg/reconcile/computenode/deployment.go:254.68,257.2 2 1
github.com/apache/shardingsphere-on-cloud/shardingsphere-operator/pkg/reconcile/computenode/deployment.go:259.78,262.2 2 1
github.com/apache/shardingsphere-on-cloud/shardingsphere-operator/pkg/reconcile/computenode/deployment.go:264.128,269.2 4 1
github.com/apache/shardingsphere-on-cloud/shardingsphere-operator/pkg/reconcile/computenode/deployment.go:271.87,274.2 2 1
github.com/apache/shardingsphere-on-cloud/shardingsphere-operator/pkg/reconcile/computenode/deployment.go:276.69,279.2 2 1
github.com/apache/shardingsphere-on-cloud/shardingsphere-operator/pkg/reconcile/computenode/deployment.go:281.104,283.55 2 1
github.com/apache/shardingsphere-on-cloud/shardingsphere-operator/pkg/reconcile/computenode/deployment.go:297.2,297.10 1 1
github.com/apache/shardingsphere-on-cloud/shardingsphere-operator/pkg/reconcile/computenode/deployment.go:283.55,284.66 1 1
github.com/apache/shardingsphere-on-cloud/shardingsphere-operator/pkg/reconcile/computenode/deployment.go:292.3,292.13 1 1
github.com/apache/shardingsphere-on-cloud/shardingsphere-operator/pkg/reconcile/computenode/deployment.go:284.66,285.38 1 1
github.com/apache/shardingsphere-on-cloud/shardingsphere-operator/pkg/reconcile/computenode/deployment.go:285.38,288.10 3 1
github.com/apache/shardingsphere-on-cloud/shardingsphere-operator/pkg/reconcile/computenode/deployment.go:292.13,294.4 1 0
github.com/apache/shardingsphere-on-cloud/shardingsphere-operator/pkg/reconcile/computenode/deployment.go:300.88,302.59 2 1
github.com/apache/shardingsphere-on-cloud/shardingsphere-operator/pkg/reconcile/computenode/deployment.go:305.2,305.59 1 1
github.com/apache/shardingsphere-on-cloud/shardingsphere-operator/pkg/reconcile/computenode/deployment.go:319.2,319.10 1 1
github.com/apache/shardingsphere-on-cloud/shardingsphere-operator/pkg/reconcile/computenode/deployment.go:302.59,304.3 1 1
github.com/apache/shardingsphere-on-cloud/shardingsphere-operator/pkg/reconcile/computenode/deployment.go:305.59,306.70 1 1
github.com/apache/shardingsphere-on-cloud/shardingsphere-operator/pkg/reconcile/computenode/deployment.go:314.3,314.13 1 1
github.com/apache/shardingsphere-on-cloud/shardingsphere-operator/pkg/reconcile/computenode/deployment.go:306.70,307.38 1 0
github.com/apache/shardingsphere-on-cloud/shardingsphere-operator/pkg/reconcile/computenode/deployment.go:307.38,310.10 3 0
github.com/apache/shardingsphere-on-cloud/shardingsphere-operator/pkg/reconcile/computenode/deployment.go:314.13,316.4 1 1
github.com/apache/shardingsphere-on-cloud/shardingsphere-operator/pkg/reconcile/computenode/deployment.go:336.67,341.2 1 2
github.com/apache/shardingsphere-on-cloud/shardingsphere-operator/pkg/reconcile/computenode/deployment.go:343.88,345.33 2 2
github.com/apache/shardingsphere-on-cloud/shardingsphere-operator/pkg/reconcile/computenode/deployment.go:348.2,348.10 1 2
github.com/apache/shardingsphere-on-cloud/shardingsphere-operator/pkg/reconcile/computenode/deployment.go:345.33,347.3 1 3
github.com/apache/shardingsphere-on-cloud/shardingsphere-operator/pkg/reconcile/computenode/deployment.go:351.96,352.33 1 2
github.com/apache/shardingsphere-on-cloud/shardingsphere-operator/pkg/reconcile/computenode/deployment.go:360.2,360.33 1 2
github.com/apache/shardingsphere-on-cloud/shardingsphere-operator/pkg/reconcile/computenode/deployment.go:365.2,365.10 1 2
github.com/apache/shardingsphere-on-cloud/shardingsphere-operator/pkg/reconcile/computenode/deployment.go:352.33,354.34 2 2
github.com/apache/shardingsphere-on-cloud/shardingsphere-operator/pkg/reconcile/computenode/deployment.go:357.3,357.23 1 2
github.com/apache/shardingsphere-on-cloud/shardingsphere-operator/pkg/reconcile/computenode/deployment.go:354.34,356.4 1 0
github.com/apache/shardingsphere-on-cloud/shardingsphere-operator/pkg/reconcile/computenode/deployment.go:360.33,361.32 1 3
github.com/apache/shardingsphere-on-cloud/shardingsphere-operator/pkg/reconcile/computenode/deployment.go:361.32,363.4 1 3
github.com/apache/shardingsphere-on-cloud/shardingsphere-operator/pkg/reconcile/computenode/deployment.go:368.102,369.32 1 3
github.com/apache/shardingsphere-on-cloud/shardingsphere-operator/pkg/reconcile/computenode/deployment.go:372.2,373.10 2 3
github.com/apache/shardingsphere-on-cloud/shardingsphere-operator/pkg/reconcile/computenode/deployment.go:369.32,371.3 1 0
github.com/apache/shardingsphere-on-cloud/shardingsphere-operator/pkg/reconcile/computenode/deployment.go:376.103,377.32 1 1
github.com/apache/shardingsphere-on-cloud/shardingsphere-operator/pkg/reconcile/computenode/deployment.go:380.2,381.10 2 1
github.com/apache/shardingsphere-on-cloud/shardingsphere-operator/pkg/reconcile/computenode/deployment.go:377.32,379.3 1 0
github.com/apache/shardingsphere-on-cloud/shardingsphere-operator/pkg/reconcile/computenode/deployment.go:384.93,385.30 1 1
github.com/apache/shardingsphere-on-cloud/shardingsphere-operator/pkg/reconcile/computenode/deployment.go:388.2,388.10 1 1
github.com/apache/shardingsphere-on-cloud/shardingsphere-operator/pkg/reconcile/computenode/deployment.go:385.30,387.3 1 1
github.com/apache/shardingsphere-on-cloud/shardingsphere-operator/pkg/reconcile/computenode/deployment.go:391.105,392.31 1 1
github.com/apache/shardingsphere-on-cloud/shardingsphere-operator/pkg/reconcile/computenode/deployment.go:395.2,396.10 2 1
github.com/apache/shardingsphere-on-cloud/shardingsphere-operator/pkg/reconcile/computenode/deployment.go:392.31,394.3 1 1
github.com/apache/shardingsphere-on-cloud/shardingsphere-operator/pkg/reconcile/computenode/deployment.go:399.87,401.2 1 2
github.com/apache/shardingsphere-on-cloud/shardingsphere-operator/pkg/reconcile/computenode/deployment.go:408.55,413.2 1 0
github.com/apache/shardingsphere-on-cloud/shardingsphere-operator/pkg/reconcile/computenode/deployment.go:420.76,424.2 3 0
github.com/apache/shardingsphere-on-cloud/shardingsphere-operator/pkg/reconcile/computenode/deployment.go:426.81,429.2 2 0
github.com/apache/shardingsphere-on-cloud/shardingsphere-operator/pkg/reconcile/computenode/deployment.go:431.82,434.2 2 0
github.com/apache/shardingsphere-on-cloud/shardingsphere-operator/pkg/reconcile/computenode/deployment.go:436.81,439.2 2 0
github.com/apache/shardingsphere-on-cloud/shardingsphere-operator/pkg/reconcile/computenode/deployment.go:441.93,444.2 2 0
github.com/apache/shardingsphere-on-cloud/shardingsphere-operator/pkg/reconcile/computenode/deployment.go:446.79,448.2 1 0
github.com/apache/shardingsphere-on-cloud/shardingsphere-operator/pkg/reconcile/computenode/deployment.go:450.75,452.52 2 2
github.com/apache/shardingsphere-on-cloud/shardingsphere-operator/pkg/reconcile/computenode/deployment.go:465.2,465.10 1 2
github.com/apache/shardingsphere-on-cloud/shardingsphere-operator/pkg/reconcile/computenode/deployment.go:452.52,453.60 1 2
github.com/apache/shardingsphere-on-cloud/shardingsphere-operator/pkg/reconcile/computenode/deployment.go:460.3,460.13 1 2
github.com/apache/shardingsphere-on-cloud/shardingsphere-operator/pkg/reconcile/computenode/deployment.go:453.60,454.67 1 2
github.com/apache/shardingsphere-on-cloud/shardingsphere-operator/pkg/reconcile/computenode/deployment.go:454.67,457.10 3 1
github.com/apache/shardingsphere-on-cloud/shardingsphere-operator/pkg/reconcile/computenode/deployment.go:460.13,462.4 1 1
github.com/apache/shardingsphere-on-cloud/shardingsphere-operator/pkg/reconcile/computenode/deployment.go:468.56,470.2 1 1
github.com/apache/shardingsphere-on-cloud/shardingsphere-operator/pkg/reconcile/computenode/deployment.go:472.61,477.42 4 1
github.com/apache/shardingsphere-on-cloud/shardingsphere-operator/pkg/reconcile/computenode/deployment.go:486.2,490.66 2 1
github.com/apache/shardingsphere-on-cloud/shardingsphere-operator/pkg/reconcile/computenode/deployment.go:493.2,493.67 1 1
github.com/apache/shardingsphere-on-cloud/shardingsphere-operator/pkg/reconcile/computenode/deployment.go:496.2,496.65 1 1
github.com/apache/shardingsphere-on-cloud/shardingsphere-operator/pkg/reconcile/computenode/deployment.go:500.2,510.70 5 1
github.com/apache/shardingsphere-on-cloud/shardingsphere-operator/pkg/reconcile/computenode/deployment.go:542.2,542.75 1 1
github.com/apache/shardingsphere-on-cloud/shardingsphere-operator/pkg/reconcile/computenode/deployment.go:547.2,547.24 1 1
github.com/apache/shardingsphere-on-cloud/shardingsphere-operator/pkg/reconcile/computenode/deployment.go:477.42,484.3 1 1
github.com/apache/shardingsphere-on-cloud/shardingsphere-operator/pkg/reconcile/computenode/deployment.go:490.66,492.3 1 0
github.com/apache/shardingsphere-on-cloud/shardingsphere-operator/pkg/reconcile/computenode/deployment.go:493.67,495.3 1 0
github.com/apache/shardingsphere-on-cloud/shardingsphere-operator/pkg/reconcile/computenode/deployment.go:496.65,498.3 1 0
github.com/apache/shardingsphere-on-cloud/shardingsphere-operator/pkg/reconcile/computenode/deployment.go:510.70,541.3 10 1
github.com/apache/shardingsphere-on-cloud/shardingsphere-operator/pkg/reconcile/computenode/deployment.go:542.75,545.3 2 0
github.com/apache/shardingsphere-on-cloud/shardingsphere-operator/pkg/reconcile/computenode/deployment.go:550.88,608.2 3 1
github.com/apache/shardingsphere-on-cloud/shardingsphere-operator/pkg/reconcile/computenode/deployment.go:610.84,618.2 7 0
github.com/apache/shardingsphere-on-cloud/shardingsphere-operator/pkg/reconcile/computenode/service.go:29.55,34.42 4 4
github.com/apache/shardingsphere-on-cloud/shardingsphere-operator/pkg/reconcile/computenode/service.go:42.2,43.24 2 4
github.com/apache/shardingsphere-on-cloud/shardingsphere-operator/pkg/reconcile/computenode/service.go:34.42,41.3 1 4
github.com/apache/shardingsphere-on-cloud/shardingsphere-operator/pkg/reconcile/computenode/service.go:56.88,60.2 1 4
github.com/apache/shardingsphere-on-cloud/shardingsphere-operator/pkg/reconcile/computenode/service.go:66.62,69.2 2 4
github.com/apache/shardingsphere-on-cloud/shardingsphere-operator/pkg/reconcile/computenode/service.go:71.72,74.2 2 4
github.com/apache/shardingsphere-on-cloud/shardingsphere-operator/pkg/reconcile/computenode/service.go:76.122,80.2 3 4
github.com/apache/shardingsphere-on-cloud/shardingsphere-operator/pkg/reconcile/computenode/service.go:82.81,85.2 2 4
github.com/apache/shardingsphere-on-cloud/shardingsphere-operator/pkg/reconcile/computenode/service.go:87.71,90.2 2 4
github.com/apache/shardingsphere-on-cloud/shardingsphere-operator/pkg/reconcile/computenode/service.go:92.78,93.33 1 4
github.com/apache/shardingsphere-on-cloud/shardingsphere-operator/pkg/reconcile/computenode/service.go:96.2,97.10 2 4
github.com/apache/shardingsphere-on-cloud/shardingsphere-operator/pkg/reconcile/computenode/service.go:93.33,95.3 1 4
github.com/apache/shardingsphere-on-cloud/shardingsphere-operator/pkg/reconcile/computenode/service.go:100.50,102.2 1 4
github.com/apache/shardingsphere-on-cloud/shardingsphere-operator/pkg/reconcile/computenode/service.go:104.82,119.2 1 4
github.com/apache/shardingsphere-on-cloud/shardingsphere-operator/pkg/reconcile/computenode/service.go:121.75,129.55 8 4
github.com/apache/shardingsphere-on-cloud/shardingsphere-operator/pkg/reconcile/computenode/service.go:145.2,145.12 1 4
github.com/apache/shardingsphere-on-cloud/shardingsphere-operator/pkg/reconcile/computenode/service.go:129.55,130.40 1 2
github.com/apache/shardingsphere-on-cloud/shardingsphere-operator/pkg/reconcile/computenode/service.go:130.40,131.34 1 2
github.com/apache/shardingsphere-on-cloud/shardingsphere-operator/pkg/reconcile/computenode/service.go:131.34,132.64 1 2
github.com/apache/shardingsphere-on-cloud/shardingsphere-operator/pkg/reconcile/computenode/service.go:132.64,133.41 1 2
github.com/apache/shardingsphere-on-cloud/shardingsphere-operator/pkg/reconcile/computenode/service.go:133.41,134.38 1 1
github.com/apache/shardingsphere-on-cloud/shardingsphere-operator/pkg/reconcile/computenode/service.go:134.38,135.61 1 1
github.com/apache/shardingsphere-on-cloud/shardingsphere-operator/pkg/reconcile/computenode/service.go:135.61,137.9 1 1
