mode: atomic
github.com/apache/shardingsphere-on-cloud/shardingsphere-operator/pkg/reconcile/resource.go:71.91,72.79 1 3
github.com/apache/shardingsphere-on-cloud/shardingsphere-operator/pkg/reconcile/resource.go:76.2,140.40 2 1
github.com/apache/shardingsphere-on-cloud/shardingsphere-operator/pkg/reconcile/resource.go:143.2,143.33 1 1
github.com/apache/shardingsphere-on-cloud/shardingsphere-operator/pkg/reconcile/resource.go:146.2,146.37 1 1
github.com/apache/shardingsphere-on-cloud/shardingsphere-operator/pkg/reconcile/resource.go:149.2,149.38 1 1
github.com/apache/shardingsphere-on-cloud/shardingsphere-operator/pkg/reconcile/resource.go:152.2,152.36 1 1
github.com/apache/shardingsphere-on-cloud/shardingsphere-operator/pkg/reconcile/resource.go:155.2,155.42 1 1
github.com/apache/shardingsphere-on-cloud/shardingsphere-operator/pkg/reconcile/resource.go:158.2,158.44 1 1
github.com/apache/shardingsphere-on-cloud/shardingsphere-operator/pkg/reconcile/resource.go:72.79,74.3 1 2
github.com/apache/shardingsphere-on-cloud/shardingsphere-operator/pkg/reconcile/resource.go:140.40,142.3 1 0
github.com/apache/shardingsphere-on-cloud/shardingsphere-operator/pkg/reconcile/resource.go:143.33,145.3 1 1
github.com/apache/shardingsphere-on-cloud/shardingsphere-operator/pkg/reconcile/resource.go:146.37,148.3 1 1
github.com/apache/shardingsphere-on-cloud/shardingsphere-operator/pkg/reconcile/resource.go:149.38,151.3 1 1
github.com/apache/shardingsphere-on-cloud/shardingsphere-operator/pkg/reconcile/resource.go:152.36,154.3 1 1
github.com/apache/shardingsphere-on-cloud/shardingsphere-operator/pkg/reconcile/resource.go:155.42,157.3 1 0
github.com/apache/shardingsphere-on-cloud/shardingsphere-operator/pkg/reconcile/resource.go:161.81,162.79 1 3
github.com/apache/shardingsphere-on-cloud/shardingsphere-operator/pkg/reconcile/resource.go:166.2,188.59 2 1
github.com/apache/shardingsphere-on-cloud/shardingsphere-operator/pkg/reconcile/resource.go:191.2,191.13 1 1
github.com/apache/shardingsphere-on-cloud/shardingsphere-operator/pkg/reconcile/resource.go:162.79,164.3 1 2
github.com/apache/shardingsphere-on-cloud/shardingsphere-operator/pkg/reconcile/resource.go:188.59,190.3 1 1
github.com/apache/shardingsphere-on-cloud/shardingsphere-operator/pkg/reconcile/resource.go:194.75,196.52 1 2
github.com/apache/shardingsphere-on-cloud/shardingsphere-operator/pkg/reconcile/resource.go:210.2,229.3 4 2
github.com/apache/shardingsphere-on-cloud/shardingsphere-operator/pkg/reconcile/resource.go:196.52,208.3 2 2
github.com/apache/shardingsphere-on-cloud/shardingsphere-operator/pkg/reconcile/resource.go:233.110,234.35 1 1
github.com/apache/shardingsphere-on-cloud/shardingsphere-operator/pkg/reconcile/resource.go:237.2,237.11 1 1
github.com/apache/shardingsphere-on-cloud/shardingsphere-operator/pkg/reconcile/resource.go:234.35,236.3 1 1
github.com/apache/shardingsphere-on-cloud/shardingsphere-operator/pkg/reconcile/resource.go:241.103,257.2 2 0
github.com/apache/shardingsphere-on-cloud/shardingsphere-operator/pkg/reconcile/resource.go:260.100,263.56 2 0
github.com/apache/shardingsphere-on-cloud/shardingsphere-operator/pkg/reconcile/resource.go:267.2,300.3 1 0
github.com/apache/shardingsphere-on-cloud/shardingsphere-operator/pkg/reconcile/resource.go:263.56,265.3 1 0
github.com/apache/shardingsphere-on-cloud/shardingsphere-operator/pkg/reconcile/resource.go:304.79,317.2 1 1
github.com/apache/shardingsphere-on-cloud/shardingsphere-operator/pkg/reconcile/resource.go:320.75,323.2 2 2
github.com/apache/shardingsphere-on-cloud/shardingsphere-operator/pkg/reconcile/resource.go:326.98,328.40 2 1
github.com/apache/shardingsphere-on-cloud/shardingsphere-operator/pkg/reconcile/resource.go:331.2,334.42 4 1
github.com/apache/shardingsphere-on-cloud/shardingsphere-operator/pkg/reconcile/resource.go:337.2,340.91 4 1
github.com/apache/shardingsphere-on-cloud/shardingsphere-operator/pkg/reconcile/resource.go:328.40,330.3 1 0
github.com/apache/shardingsphere-on-cloud/shardingsphere-operator/pkg/reconcile/resource.go:334.42,336.3 1 0
github.com/apache/shardingsphere-on-cloud/shardingsphere-operator/pkg/reconcile/resource.go:344.85,348.42 4 2
github.com/apache/shardingsphere-on-cloud/shardingsphere-operator/pkg/reconcile/resource.go:348.42,350.3 1 1
github.com/apache/shardingsphere-on-cloud/shardingsphere-operator/pkg/reconcile/resource.go:353.109,358.56 5 2
github.com/apache/shardingsphere-on-cloud/shardingsphere-operator/pkg/reconcile/resource.go:358.56,360.3 1 1
github.com/apache/shardingsphere-on-cloud/shardingsphere-operator/pkg/reconcile/resource.go:360.8,363.3 1 1
github.com/apache/shardingsphere-on-cloud/shardingsphere-operator/pkg/reconcile/resource.go:366.46,368.2 1 4
github.com/apache/shardingsphere-on-cloud/shardingsphere-operator/pkg/reconcile/status.go:24.42,26.36 2 6
github.com/apache/shardingsphere-on-cloud/shardingsphere-operator/pkg/reconcile/status.go:32.2,32.15 1 6
github.com/apache/shardingsphere-on-cloud/shardingsphere-operator/pkg/reconcile/status.go:26.36,27.83 1 9
github.com/apache/shardingsphere-on-cloud/shardingsphere-operator/pkg/reconcile/status.go:27.83,29.4 1 4
github.com/apache/shardingsphere-on-cloud/shardingsphere-operator/pkg/reconcile/status.go:35.51,37.36 2 6
github.com/apache/shardingsphere-on-cloud/shardingsphere-operator/pkg/reconcile/status.go:45.2,45.18 1 6
github.com/apache/shardingsphere-on-cloud/shardingsphere-operator/pkg/reconcile/status.go:37.36,38.45 1 7
github.com/apache/shardingsphere-on-cloud/shardingsphere-operator/pkg/reconcile/status.go:41.3,41.87 1 6
github.com/apache/shardingsphere-on-cloud/shardingsphere-operator/pkg/reconcile/status.go:38.45,39.12 1 1
github.com/apache/shardingsphere-on-cloud/shardingsphere-operator/pkg/reconcile/status.go:41.87,43.4 1 3
